<?xml version="1.0" encoding="UTF-8" ?>
<testsuite tests="18" failures="0" name="org.apache.avro.SchemaM3BBTest" time="0.474" errors="0" skipped="0">
  <properties>
[...]
</properties>
  <testcase classname="org.apache.avro.SchemaM3BBTest" name="createUnion_withAmbiguousPrimitiveTypes_throwsAvroRuntimeException" time="0.141"/>
  <testcase classname="org.apache.avro.SchemaM3BBTest" name="createArray_andCreateMap_exposeNestedTypes" time="0"/>
  <testcase classname="org.apache.avro.SchemaM3BBTest" name="createUnion_withDistinctTypes_returnsUnionSchema" time="0"/>
  <testcase classname="org.apache.avro.SchemaM3BBTest" name="create_withPrimitiveType_returnsPrimitiveSchema" time="0"/>
  <testcase classname="org.apache.avro.SchemaM3BBTest" name="parse_validSchemaFile_returnsRecordSchema" time="0.278"/>
  <testcase classname="org.apache.avro.SchemaM3BBTest" name="setFields_calledTwice_throwsAvroRuntimeException" time="0"/>
  <testcase classname="org.apache.avro.SchemaM3BBTest" name="addAlias_onNamedType_storesQualifiedAlias" time="0"/>
  <testcase classname="org.apache.avro.SchemaM3BBTest" name="equals_andToString_behaveAsExpected" time="0"/>
  <testcase classname="org.apache.avro.SchemaM3BBTest" name="addAlias_withInvalidName_throwsSchemaParseException" time="0"/>
  <testcase classname="org.apache.avro.SchemaM3BBTest" name="createUnion_withNestedUnion_throwsAvroRuntimeException" time="0"/>
  <testcase classname="org.apache.avro.SchemaM3BBTest" name="parse_invalidSchemaText_throwsSchemaParseException" time="0.002"/>
  <testcase classname="org.apache.avro.SchemaM3BBTest" name="createEnum_withDuplicateSymbols_throwsSchemaParseException" time="0"/>
  <testcase classname="org.apache.avro.SchemaM3BBTest" name="createRecord_withFieldListFactory_returnsAnonymousRecord" time="0"/>
  <testcase classname="org.apache.avro.SchemaM3BBTest" name="createEnum_withDistinctSymbols_exposesSymbolsAndOrdinals" time="0.001"/>
  <testcase classname="org.apache.avro.SchemaM3BBTest" name="create_withComplexType_throwsAvroRuntimeException" time="0"/>
  <testcase classname="org.apache.avro.SchemaM3BBTest" name="createFixed_withNegativeSize_throwsIllegalArgumentException" time="0"/>
  <testcase classname="org.apache.avro.SchemaM3BBTest" name="getField_onPrimitiveSchema_throwsAvroRuntimeException" time="0"/>
  <testcase classname="org.apache.avro.SchemaM3BBTest" name="createRecord_withFields_setsFieldsAndGetFieldWorks" time="0.001"/>
</testsuite>